[error] Failed to fetch Firebase Project from Studio Workspace because WORKSPACE_SLUG environment variable is empty
[error] Failed to fetch Firebase Project from Studio Workspace because WORKSPACE_SLUG environment variable is empty
[debug] [2025-09-29T08:29:16.041Z] Checked if tokens are valid: true, expires at: 1759137088937
[debug] [2025-09-29T08:29:16.042Z] Checked if tokens are valid: true, expires at: 1759137088937
[debug] [2025-09-29T08:29:16.043Z] Checked if tokens are valid: true, expires at: 1759137088937
[debug] [2025-09-29T08:29:16.044Z] Checked if tokens are valid: true, expires at: 1759137088937
[debug] [2025-09-29T08:29:16.051Z] Checked if tokens are valid: true, expires at: 1759137088937
[debug] [2025-09-29T08:29:16.058Z] Checked if tokens are valid: true, expires at: 1759137088937
[debug] [2025-09-29T08:29:16.059Z] Checked if tokens are valid: true, expires at: 1759137088937
[debug] [2025-09-29T08:29:16.059Z] Checked if tokens are valid: true, expires at: 1759137088937
[debug] [2025-09-29T08:29:16.063Z] Checked if tokens are valid: true, expires at: 1759137088937
[debug] [2025-09-29T08:29:16.064Z] Checked if tokens are valid: true, expires at: 1759137088937
[debug] [2025-09-29T08:29:16.071Z] >>> [apiv2][query] GET https://serviceusage.googleapis.com/v1/projects/aircrew-hub/services/ [none]
[debug] [2025-09-29T08:29:16.072Z] >>> [apiv2][(partial)header] GET https://serviceusage.googleapis.com/v1/projects/aircrew-hub/services/ x-goog-quota-user=projects/aircrew-hub
[debug] [2025-09-29T08:29:16.242Z] >>> [apiv2][query] GET https://serviceusage.googleapis.com/v1/projects/aircrew-hub/services/firebasedataconnect.googleapis.com [none]
[debug] [2025-09-29T08:29:16.242Z] >>> [apiv2][(partial)header] GET https://serviceusage.googleapis.com/v1/projects/aircrew-hub/services/firebasedataconnect.googleapis.com x-goog-quota-user=projects/aircrew-hub
[debug] [2025-09-29T08:29:16.261Z] >>> [apiv2][query] GET https://serviceusage.googleapis.com/v1/projects/aircrew-hub/services/firebasecrashlytics.googleapis.com [none]
[debug] [2025-09-29T08:29:16.262Z] >>> [apiv2][(partial)header] GET https://serviceusage.googleapis.com/v1/projects/aircrew-hub/services/firebasecrashlytics.googleapis.com x-goog-quota-user=projects/aircrew-hub
[debug] [2025-09-29T08:29:16.280Z] >>> [apiv2][query] GET https://serviceusage.googleapis.com/v1/projects/aircrew-hub/services/firebaseapphosting.googleapis.com [none]
[debug] [2025-09-29T08:29:16.280Z] >>> [apiv2][(partial)header] GET https://serviceusage.googleapis.com/v1/projects/aircrew-hub/services/firebaseapphosting.googleapis.com x-goog-quota-user=projects/aircrew-hub
[debug] [2025-09-29T08:29:16.293Z] >>> [apiv2][query] GET https://serviceusage.googleapis.com/v1/projects/aircrew-hub/services/firebaseio.com [none]
[debug] [2025-09-29T08:29:16.294Z] >>> [apiv2][(partial)header] GET https://serviceusage.googleapis.com/v1/projects/aircrew-hub/services/firebaseio.com x-goog-quota-user=projects/aircrew-hub
[error] Failed to fetch Firebase Project from Studio Workspace because WORKSPACE_SLUG environment variable is empty
[error] Failed to fetch Firebase Project from Studio Workspace because WORKSPACE_SLUG environment variable is empty
[debug] [2025-09-29T08:29:16.777Z] Checked if tokens are valid: true, expires at: 1759137088937
[debug] [2025-09-29T08:29:16.777Z] Checked if tokens are valid: true, expires at: 1759137088937
[debug] [2025-09-29T08:29:16.778Z] Checked if tokens are valid: true, expires at: 1759137088937
[debug] [2025-09-29T08:29:16.779Z] Checked if tokens are valid: true, expires at: 1759137088937
[debug] [2025-09-29T08:29:16.786Z] Checked if tokens are valid: true, expires at: 1759137088937
[debug] [2025-09-29T08:29:16.786Z] Checked if tokens are valid: true, expires at: 1759137088937
[debug] [2025-09-29T08:29:16.791Z] Checked if tokens are valid: true, expires at: 1759137088937
[debug] [2025-09-29T08:29:16.791Z] Checked if tokens are valid: true, expires at: 1759137088937
[debug] [2025-09-29T08:29:16.792Z] Checked if tokens are valid: true, expires at: 1759137088937
[debug] [2025-09-29T08:29:16.792Z] Checked if tokens are valid: true, expires at: 1759137088937
[debug] [2025-09-29T08:29:16.792Z] >>> [apiv2][query] GET https://serviceusage.googleapis.com/v1/projects/aircrew-hub/services/ [none]
[debug] [2025-09-29T08:29:16.793Z] >>> [apiv2][(partial)header] GET https://serviceusage.googleapis.com/v1/projects/aircrew-hub/services/ x-goog-quota-user=projects/aircrew-hub
[debug] [2025-09-29T08:29:16.809Z] >>> [apiv2][query] GET https://serviceusage.googleapis.com/v1/projects/aircrew-hub/services/firebasedataconnect.googleapis.com [none]
[debug] [2025-09-29T08:29:16.810Z] >>> [apiv2][(partial)header] GET https://serviceusage.googleapis.com/v1/projects/aircrew-hub/services/firebasedataconnect.googleapis.com x-goog-quota-user=projects/aircrew-hub
[debug] [2025-09-29T08:29:16.822Z] >>> [apiv2][query] GET https://serviceusage.googleapis.com/v1/projects/aircrew-hub/services/firebasecrashlytics.googleapis.com [none]
[debug] [2025-09-29T08:29:16.823Z] >>> [apiv2][(partial)header] GET https://serviceusage.googleapis.com/v1/projects/aircrew-hub/services/firebasecrashlytics.googleapis.com x-goog-quota-user=projects/aircrew-hub
[debug] [2025-09-29T08:29:16.833Z] >>> [apiv2][query] GET https://serviceusage.googleapis.com/v1/projects/aircrew-hub/services/firebaseapphosting.googleapis.com [none]
[debug] [2025-09-29T08:29:16.833Z] >>> [apiv2][(partial)header] GET https://serviceusage.googleapis.com/v1/projects/aircrew-hub/services/firebaseapphosting.googleapis.com x-goog-quota-user=projects/aircrew-hub
[debug] [2025-09-29T08:29:16.850Z] >>> [apiv2][query] GET https://serviceusage.googleapis.com/v1/projects/aircrew-hub/services/firebaseio.com [none]
[debug] [2025-09-29T08:29:16.850Z] >>> [apiv2][(partial)header] GET https://serviceusage.googleapis.com/v1/projects/aircrew-hub/services/firebaseio.com x-goog-quota-user=projects/aircrew-hub
[debug] [2025-09-29T08:29:17.491Z] <<< [apiv2][status] GET https://serviceusage.googleapis.com/v1/projects/aircrew-hub/services/firebaseio.com 403
[debug] [2025-09-29T08:29:17.492Z] <<< [apiv2][body] GET https://serviceusage.googleapis.com/v1/projects/aircrew-hub/services/firebaseio.com [omitted]
[debug] [2025-09-29T08:29:17.553Z] <<< [apiv2][status] GET https://serviceusage.googleapis.com/v1/projects/aircrew-hub/services/firebaseapphosting.googleapis.com 200
[debug] [2025-09-29T08:29:17.553Z] <<< [apiv2][body] GET https://serviceusage.googleapis.com/v1/projects/aircrew-hub/services/firebaseapphosting.googleapis.com [omitted]
[debug] [2025-09-29T08:29:17.579Z] <<< [apiv2][status] GET https://serviceusage.googleapis.com/v1/projects/aircrew-hub/services/firebasedataconnect.googleapis.com 200
[debug] [2025-09-29T08:29:17.579Z] <<< [apiv2][body] GET https://serviceusage.googleapis.com/v1/projects/aircrew-hub/services/firebasedataconnect.googleapis.com [omitted]
[debug] [2025-09-29T08:29:17.589Z] <<< [apiv2][status] GET https://serviceusage.googleapis.com/v1/projects/aircrew-hub/services/firebasecrashlytics.googleapis.com 200
[debug] [2025-09-29T08:29:17.590Z] <<< [apiv2][body] GET https://serviceusage.googleapis.com/v1/projects/aircrew-hub/services/firebasecrashlytics.googleapis.com [omitted]
[debug] [2025-09-29T08:29:17.631Z] <<< [apiv2][status] GET https://serviceusage.googleapis.com/v1/projects/aircrew-hub/services/ 200
[debug] [2025-09-29T08:29:17.633Z] <<< [apiv2][body] GET https://serviceusage.googleapis.com/v1/projects/aircrew-hub/services/ [omitted]
[debug] [2025-09-29T08:29:17.696Z] <<< [apiv2][status] GET https://serviceusage.googleapis.com/v1/projects/aircrew-hub/services/firebasecrashlytics.googleapis.com 200
[debug] [2025-09-29T08:29:17.700Z] <<< [apiv2][body] GET https://serviceusage.googleapis.com/v1/projects/aircrew-hub/services/firebasecrashlytics.googleapis.com [omitted]
[debug] [2025-09-29T08:29:17.718Z] <<< [apiv2][status] GET https://serviceusage.googleapis.com/v1/projects/aircrew-hub/services/firebaseapphosting.googleapis.com 200
[debug] [2025-09-29T08:29:17.719Z] <<< [apiv2][body] GET https://serviceusage.googleapis.com/v1/projects/aircrew-hub/services/firebaseapphosting.googleapis.com [omitted]
[debug] [2025-09-29T08:29:17.744Z] <<< [apiv2][status] GET https://serviceusage.googleapis.com/v1/projects/aircrew-hub/services/firebaseio.com 403
[debug] [2025-09-29T08:29:17.755Z] <<< [apiv2][body] GET https://serviceusage.googleapis.com/v1/projects/aircrew-hub/services/firebaseio.com [omitted]
[debug] [2025-09-29T08:29:17.767Z] <<< [apiv2][status] GET https://serviceusage.googleapis.com/v1/projects/aircrew-hub/services/firebasedataconnect.googleapis.com 200
[debug] [2025-09-29T08:29:17.767Z] <<< [apiv2][body] GET https://serviceusage.googleapis.com/v1/projects/aircrew-hub/services/firebasedataconnect.googleapis.com [omitted]
[debug] [2025-09-29T08:29:18.056Z] <<< [apiv2][status] GET https://serviceusage.googleapis.com/v1/projects/aircrew-hub/services/ 200
[debug] [2025-09-29T08:29:18.060Z] <<< [apiv2][body] GET https://serviceusage.googleapis.com/v1/projects/aircrew-hub/services/ [omitted]
[error] Failed to fetch Firebase Project from Studio Workspace because WORKSPACE_SLUG environment variable is empty
[error] Failed to fetch Firebase Project from Studio Workspace because WORKSPACE_SLUG environment variable is empty
[debug] [2025-09-29T08:29:18.090Z] > command requires scopes: ["email","openid","https://www.googleapis.com/auth/cloudplatformprojects.readonly","https://www.googleapis.com/auth/firebase","https://www.googleapis.com/auth/cloud-platform","https://www.googleapis.com/auth/userinfo.email"]
[debug] [2025-09-29T08:29:18.094Z] > authorizing via signed-in user (chabouha.mahmoud@gmail.com)
[error] Failed to fetch Firebase Project from Studio Workspace because WORKSPACE_SLUG environment variable is empty
[error] Failed to fetch Firebase Project from Studio Workspace because WORKSPACE_SLUG environment variable is empty
[debug] [2025-09-29T08:29:18.154Z] > command requires scopes: ["email","openid","https://www.googleapis.com/auth/cloudplatformprojects.readonly","https://www.googleapis.com/auth/firebase","https://www.googleapis.com/auth/cloud-platform","https://www.googleapis.com/auth/userinfo.email"]
[debug] [2025-09-29T08:29:18.154Z] > authorizing via signed-in user (chabouha.mahmoud@gmail.com)
[error] Failed to fetch Firebase Project from Studio Workspace because WORKSPACE_SLUG environment variable is empty
[error] Failed to fetch Firebase Project from Studio Workspace because WORKSPACE_SLUG environment variable is empty
[debug] [2025-09-29T08:29:18.183Z] > command requires scopes: ["email","openid","https://www.googleapis.com/auth/cloudplatformprojects.readonly","https://www.googleapis.com/auth/firebase","https://www.googleapis.com/auth/cloud-platform","https://www.googleapis.com/auth/userinfo.email"]
[debug] [2025-09-29T08:29:18.183Z] > authorizing via signed-in user (chabouha.mahmoud@gmail.com)
